<?xml version="1.0" encoding="UTF-8"?>
<!-- Generated by org.testng.reporters.JUnitXMLReporter -->
<testsuite hostname="SD-PC-W10--5051" ignored="7" name="Default test" tests="1" failures="0" timestamp="10 Dec 2018 12:35:25 GMT" time="61.15" errors="0">
  <testcase name="ResetPasswordLeftDrawer" time="61.104" classname="HealthPass.ResetPasswordTests"/>
  <testcase name="ResendOTP" time="0.0" classname="HealthPass.ResetPasswordTests">
    <ignored/>
  </testcase> <!-- ResendOTP -->
  <testcase name="InvalidOTP" time="0.0" classname="HealthPass.ResetPasswordTests">
    <ignored/>
  </testcase> <!-- InvalidOTP -->
  <testcase name="LoginAfterReset" time="0.0" classname="HealthPass.ResetPasswordTests">
    <ignored/>
  </testcase> <!-- LoginAfterReset -->
  <testcase name="SuccessReset" time="0.0" classname="HealthPass.ResetPasswordTests">
    <ignored/>
  </testcase> <!-- SuccessReset -->
  <testcase name="InvalidPassword" time="0.0" classname="HealthPass.ResetPasswordTests">
    <ignored/>
  </testcase> <!-- InvalidPassword -->
  <testcase name="InvalidPhoneNumber" time="0.0" classname="HealthPass.ResetPasswordTests">
    <ignored/>
  </testcase> <!-- InvalidPhoneNumber -->
  <testcase name="NonindianPhoneNumber" time="0.0" classname="HealthPass.ResetPasswordTests">
    <ignored/>
  </testcase> <!-- NonindianPhoneNumber -->
</testsuite> <!-- Default test -->
