<?xml version="1.0" encoding="UTF-8"?>
<testng-results skipped="0" failed="0" ignored="7" total="8" passed="1">
  <reporter-output>
  </reporter-output>
  <suite name="Default suite" duration-ms="61150" started-at="2018-12-10T12:34:24Z" finished-at="2018-12-10T12:35:25Z">
    <groups>
    </groups>
    <test name="Default test" duration-ms="61150" started-at="2018-12-10T12:34:24Z" finished-at="2018-12-10T12:35:25Z">
      <class name="HealthPass.ResetPasswordTests">
        <test-method status="PASS" signature="driverSetUp()[pri:0, instance:HealthPass.ResetPasswordTests@20de05e5]" name="driverSetUp" is-config="true" duration-ms="16669" started-at="2018-12-10T14:34:07Z" finished-at="2018-12-10T14:34:24Z">
          <reporter-output>
          </reporter-output>
        </test-method> <!-- driverSetUp -->
        <test-method status="PASS" signature="ResetPasswordLeftDrawer()[pri:7, instance:HealthPass.ResetPasswordTests@20de05e5]" name="ResetPasswordLeftDrawer" duration-ms="61104" started-at="2018-12-10T14:34:24Z" description="Open reset password screen from left drawer" finished-at="2018-12-10T14:35:25Z">
          <reporter-output>
          </reporter-output>
        </test-method> <!-- ResetPasswordLeftDrawer -->
      </class> <!-- HealthPass.ResetPasswordTests -->
    </test> <!-- Default test -->
  </suite> <!-- Default suite -->
</testng-results>
